<?xml version="1.0" encoding="UTF-8"?>
<beans xmlns="http://www.springframework.org/schema/beans" xmlns:xsi="http://www.w3.org/2001/XMLSchema-instance"
  xmlns:batch="http://www.springframework.org/schema/batch" xmlns:jdbc="http://www.springframework.org/schema/jdbc"
  xmlns:context="http://www.springframework.org/schema/context"
  xsi:schemaLocation="http://www.springframework.org/schema/jdbc http://www.springframework.org/schema/jdbc/spring-jdbc-3.0.xsd
		http://www.springframework.org/schema/beans http://www.springframework.org/schema/beans/spring-beans-3.0.xsd
		http://www.springframework.org/schema/batch http://www.springframework.org/schema/batch/spring-batch-2.1.xsd
		http://www.springframework.org/schema/context http://www.springframework.org/schema/context/spring-context-3.0.xsd">

  <context:property-placeholder
    location="classpath:/com/manning/sbia/ch14/spring/batch-h2.properties" />
  <bean
    class="org.springframework.beans.factory.annotation.RequiredAnnotationBeanPostProcessor" />

  <bean id="dataSource" class="org.springframework.jdbc.datasource.SingleConnectionDataSource">
    <property name="driverClassName" value="${datasource.driver}" />
    <property name="url" value="${datasource.url}" />
    <property name="username" value="${datasource.username}" />
    <property name="password" value="${datasource.password}" />
    <property name="suppressClose" value="true" />
  </bean>

  <bean id="transactionManager"
    class="org.springframework.jdbc.datasource.DataSourceTransactionManager">
    <property name="dataSource" ref="dataSource" />
  </bean>

  <bean id="jobRepository"
    class="org.springframework.batch.core.repository.support.MapJobRepositoryFactoryBean">
    <property name="transactionManager" ref="transactionManager" />
  </bean>

  <bean id="jobLauncher"
    class="org.springframework.batch.core.launch.support.SimpleJobLauncher">
    <property name="jobRepository" ref="jobRepository" />
  </bean>

  <bean class="org.springframework.batch.test.JobLauncherTestUtils" />

  <jdbc:initialize-database data-source="dataSource">
    <jdbc:script location="classpath:com/manning/sbia/ch14/sql/create-tables.sql" />
  </jdbc:initialize-database>

  <bean id="simpleJdbcTemplate" class="org.springframework.jdbc.core.simple.SimpleJdbcTemplate">
    <constructor-arg ref="dataSource" />
  </bean>

  <bean id="jdbcTemplate" class="org.springframework.jdbc.core.JdbcTemplate">
    <constructor-arg ref="dataSource" />
  </bean>

</beans>
