<?xml version="1.0" encoding="UTF-8"?>
<beans xmlns="http://www.springframework.org/schema/beans"
    xmlns:xsi="http://www.w3.org/2001/XMLSchema-instance"
    xmlns:batch="http://www.springframework.org/schema/batch"
    xsi:schemaLocation="http://www.springframework.org/schema/beans http://www.springframework.org/schema/beans/spring-beans-3.0.xsd
        http://www.springframework.org/schema/batch http://www.springframework.org/schema/batch/spring-batch-2.1.xsd">

    <bean id="productItemReader"
        class="org.springframework.batch.item.file.FlatFileItemReader">
        <property name="resource" value="classpath:/com/manning/sbia/ch06/input/products-delimited.txt"/>
        <property name="linesToSkip" value="1"/>
        <property name="lineMapper" ref="productLineMapper"/>
    </bean>

    <bean id="productLineMapper"
        class="org.springframework.batch.item.file.mapping.DefaultLineMapper">
        <property name="lineTokenizer" ref="productLineTokenizer"/>
        <property name="fieldSetMapper" ref="productFieldSetMapper"/>
    </bean>

    <bean id=" productLineTokenizer"
        class="org.springframework.batch.item.file.transform.DelimitedLineTokenizer">
        <property name="delimiter" value=","/>
        <property name="names" value="id,name,description,price,operation"/>
    </bean>

    <bean id="productFieldSetMapper"
        class="org.springframework.batch.item.file.mapping.BeanWrapperFieldSetMapper">
        <property name="targetType" value="com.manning.sbia.ch06.Product" />
    </bean>

</beans>
